2026-06-17 10:15:08,144 - INFO - app.main - Starting up File Explorer API
2026-06-17 10:15:08,947 - INFO - app.main - Shutting down File Explorer API
2026-06-17 10:15:09,540 - INFO - app.main - Starting up File Explorer API
2026-06-17 10:17:49,205 - INFO - app.main - Shutting down File Explorer API
2026-06-17 10:17:49,760 - INFO - app.main - Starting up File Explorer API
2026-06-17 10:17:51,263 - INFO - app.main - Shutting down File Explorer API
2026-06-17 10:17:54,350 - INFO - app.main - Starting up File Explorer API
2026-06-17 10:17:54,952 - INFO - app.main - Shutting down File Explorer API
2026-06-17 10:17:55,512 - INFO - app.main - Starting up File Explorer API
2026-06-17 10:20:00,482 - INFO - app.main - Shutting down File Explorer API
2026-06-17 10:20:11,421 - INFO - app.main - Starting up File Explorer API
2026-06-17 10:20:14,628 - INFO - app.main - Shutting down File Explorer API
2026-06-17 10:20:15,222 - INFO - app.main - Starting up File Explorer API
2026-06-17 10:20:55,882 - INFO - app.main - Starting up File Explorer API
2026-06-17 10:20:55,891 - INFO - app.routers.files_router - Listed all files, count=0
2026-06-17 10:20:55,893 - INFO - app.main - Shutting down File Explorer API
2026-06-17 10:20:55,898 - INFO - app.main - Starting up File Explorer API
2026-06-17 10:20:55,924 - INFO - app.routers.files_router - Created file id=1 name='readme.txt' folder_id=None
2026-06-17 10:20:55,926 - INFO - app.main - Shutting down File Explorer API
2026-06-17 10:20:55,932 - INFO - app.main - Starting up File Explorer API
2026-06-17 10:20:55,936 - WARNING - app.routers.files_router - Failed to create file: Folder 999 does not exist
2026-06-17 10:20:55,937 - INFO - app.main - Shutting down File Explorer API
2026-06-17 10:20:55,943 - INFO - app.main - Starting up File Explorer API
2026-06-17 10:20:55,947 - INFO - app.routers.files_router - Created file id=1 name='readme.txt' folder_id=None
2026-06-17 10:20:55,950 - WARNING - app.routers.files_router - Failed to create file: A file named 'readme.txt' already exists in this folder
2026-06-17 10:20:55,951 - INFO - app.main - Shutting down File Explorer API
2026-06-17 10:20:55,957 - INFO - app.main - Starting up File Explorer API
2026-06-17 10:20:55,961 - INFO - app.routers.files_router - Created file id=1 name='readme.txt' folder_id=None
2026-06-17 10:20:55,964 - INFO - app.routers.files_router - Deleted file id=1
2026-06-17 10:20:55,966 - INFO - app.routers.files_router - Listed all files, count=0
2026-06-17 10:20:55,968 - INFO - app.main - Shutting down File Explorer API
2026-06-17 10:20:55,973 - INFO - app.main - Starting up File Explorer API
2026-06-17 10:20:55,975 - WARNING - app.routers.files_router - Failed to delete file id=999: File 999 does not exist
2026-06-17 10:20:55,977 - INFO - app.main - Shutting down File Explorer API
2026-06-17 10:20:55,982 - INFO - app.main - Starting up File Explorer API
2026-06-17 10:20:55,985 - INFO - app.routers.files_router - Created file id=1 name='notes.txt' folder_id=None
2026-06-17 10:20:55,989 - INFO - app.routers.files_router - Created file id=2 name='other.txt' folder_id=None
2026-06-17 10:20:55,992 - INFO - app.main - Shutting down File Explorer API
2026-06-17 10:20:55,997 - INFO - app.main - Starting up File Explorer API
2026-06-17 10:20:56,001 - INFO - app.main - Shutting down File Explorer API
2026-06-17 10:20:56,006 - INFO - app.main - Starting up File Explorer API
2026-06-17 10:20:56,011 - INFO - app.routers.folders_router - Created folder id=1 name='docs' parent_id=None
2026-06-17 10:20:56,015 - INFO - app.routers.files_router - Created file id=1 name='notes.txt' folder_id=None
2026-06-17 10:20:56,019 - INFO - app.routers.files_router - Created file id=2 name='notes.txt' folder_id=1
2026-06-17 10:20:56,023 - INFO - app.main - Shutting down File Explorer API
2026-06-17 10:20:56,027 - INFO - app.main - Starting up File Explorer API
2026-06-17 10:20:56,031 - INFO - app.routers.files_router - Created file id=1 name='readme.txt' folder_id=None
2026-06-17 10:20:56,034 - INFO - app.routers.files_router - Created file id=2 name='report.txt' folder_id=None
2026-06-17 10:20:56,037 - INFO - app.routers.files_router - Created file id=3 name='other.txt' folder_id=None
2026-06-17 10:20:56,041 - INFO - app.main - Shutting down File Explorer API
2026-06-17 10:20:56,046 - INFO - app.main - Starting up File Explorer API
2026-06-17 10:20:56,050 - INFO - app.routers.files_router - Created file id=1 name='file00.txt' folder_id=None
2026-06-17 10:20:56,053 - INFO - app.routers.files_router - Created file id=2 name='file01.txt' folder_id=None
2026-06-17 10:20:56,056 - INFO - app.routers.files_router - Created file id=3 name='file02.txt' folder_id=None
2026-06-17 10:20:56,059 - INFO - app.routers.files_router - Created file id=4 name='file03.txt' folder_id=None
2026-06-17 10:20:56,062 - INFO - app.routers.files_router - Created file id=5 name='file04.txt' folder_id=None
2026-06-17 10:20:56,065 - INFO - app.routers.files_router - Created file id=6 name='file05.txt' folder_id=None
2026-06-17 10:20:56,068 - INFO - app.routers.files_router - Created file id=7 name='file06.txt' folder_id=None
2026-06-17 10:20:56,071 - INFO - app.routers.files_router - Created file id=8 name='file07.txt' folder_id=None
2026-06-17 10:20:56,074 - INFO - app.routers.files_router - Created file id=9 name='file08.txt' folder_id=None
2026-06-17 10:20:56,076 - INFO - app.routers.files_router - Created file id=10 name='file09.txt' folder_id=None
2026-06-17 10:20:56,080 - INFO - app.routers.files_router - Created file id=11 name='file10.txt' folder_id=None
2026-06-17 10:20:56,082 - INFO - app.routers.files_router - Created file id=12 name='file11.txt' folder_id=None
2026-06-17 10:20:56,086 - INFO - app.routers.files_router - Created file id=13 name='file12.txt' folder_id=None
2026-06-17 10:20:56,088 - INFO - app.routers.files_router - Created file id=14 name='file13.txt' folder_id=None
2026-06-17 10:20:56,091 - INFO - app.routers.files_router - Created file id=15 name='file14.txt' folder_id=None
2026-06-17 10:20:56,094 - INFO - app.main - Shutting down File Explorer API
2026-06-17 10:20:56,099 - INFO - app.main - Starting up File Explorer API
2026-06-17 10:20:56,103 - INFO - app.routers.files_router - Created file id=1 name='README.txt' folder_id=None
2026-06-17 10:20:56,107 - INFO - app.main - Shutting down File Explorer API
2026-06-17 10:20:56,112 - INFO - app.main - Starting up File Explorer API
2026-06-17 10:20:56,117 - INFO - app.routers.folders_router - Listed all folders, count=0
2026-06-17 10:20:56,119 - INFO - app.main - Shutting down File Explorer API
2026-06-17 10:20:56,124 - INFO - app.main - Starting up File Explorer API
2026-06-17 10:20:56,128 - INFO - app.routers.folders_router - Created folder id=1 name='docs' parent_id=None
2026-06-17 10:20:56,130 - INFO - app.main - Shutting down File Explorer API
2026-06-17 10:20:56,134 - INFO - app.main - Starting up File Explorer API
2026-06-17 10:20:56,138 - INFO - app.routers.folders_router - Created folder id=1 name='docs' parent_id=None
2026-06-17 10:20:56,142 - INFO - app.routers.folders_router - Created folder id=2 name='images' parent_id=1
2026-06-17 10:20:56,144 - INFO - app.main - Shutting down File Explorer API
2026-06-17 10:20:56,149 - INFO - app.main - Starting up File Explorer API
2026-06-17 10:20:56,151 - WARNING - app.routers.folders_router - Failed to create folder: Folder 999 does not exist
2026-06-17 10:20:56,153 - INFO - app.main - Shutting down File Explorer API
2026-06-17 10:20:56,158 - INFO - app.main - Starting up File Explorer API
2026-06-17 10:20:56,161 - INFO - app.routers.folders_router - Created folder id=1 name='docs' parent_id=None
2026-06-17 10:20:56,164 - WARNING - app.routers.folders_router - Failed to create folder: A folder named 'docs' already exists here
2026-06-17 10:20:56,168 - INFO - app.main - Shutting down File Explorer API
2026-06-17 10:20:56,175 - INFO - app.main - Starting up File Explorer API
2026-06-17 10:20:56,181 - INFO - app.routers.folders_router - Created folder id=1 name='docs' parent_id=None
2026-06-17 10:20:56,189 - INFO - app.routers.folders_router - Deleted folder id=1
2026-06-17 10:20:56,192 - INFO - app.routers.folders_router - Listed all folders, count=0
2026-06-17 10:20:56,194 - INFO - app.main - Shutting down File Explorer API
2026-06-17 10:20:56,200 - INFO - app.main - Starting up File Explorer API
2026-06-17 10:20:56,204 - WARNING - app.routers.folders_router - Failed to delete folder id=999: Folder 999 does not exist
2026-06-17 10:20:56,205 - INFO - app.main - Shutting down File Explorer API
2026-06-17 10:20:56,211 - INFO - app.main - Starting up File Explorer API
2026-06-17 10:20:56,216 - INFO - app.routers.folders_router - Created folder id=1 name='docs' parent_id=None
2026-06-17 10:20:56,220 - INFO - app.routers.folders_router - Created folder id=2 name='images' parent_id=1
2026-06-17 10:20:56,225 - INFO - app.routers.folders_router - Deleted folder id=1
2026-06-17 10:20:56,227 - INFO - app.routers.folders_router - Listed all folders, count=0
2026-06-17 10:20:56,229 - INFO - app.main - Shutting down File Explorer API
2026-06-17 10:20:56,233 - INFO - app.main - Starting up File Explorer API
2026-06-17 10:20:56,237 - INFO - app.routers.folders_router - Created folder id=1 name='docs' parent_id=None
2026-06-17 10:20:56,241 - INFO - app.routers.files_router - Created file id=1 name='readme.txt' folder_id=1
2026-06-17 10:20:56,248 - INFO - app.routers.folders_router - Deleted folder id=1
2026-06-17 10:20:56,251 - INFO - app.routers.files_router - Listed all files, count=0
2026-06-17 10:20:56,253 - INFO - app.main - Shutting down File Explorer API
2026-06-17 10:20:56,260 - INFO - app.main - Starting up File Explorer API
2026-06-17 10:20:56,264 - INFO - app.routers.folders_router - Created folder id=1 name='docs' parent_id=None
2026-06-17 10:20:56,270 - INFO - app.routers.files_router - Created file id=1 name='readme.txt' folder_id=None
2026-06-17 10:20:56,274 - INFO - app.routers.folders_router - Browsed folder parent_id=None, subfolders=1 files=1
2026-06-17 10:20:56,277 - INFO - app.main - Shutting down File Explorer API
2026-06-17 10:20:56,283 - INFO - app.main - Starting up File Explorer API
2026-06-17 10:20:56,288 - INFO - app.routers.folders_router - Created folder id=1 name='docs' parent_id=None
2026-06-17 10:20:56,294 - INFO - app.routers.folders_router - Created folder id=2 name='images' parent_id=1
2026-06-17 10:20:56,299 - INFO - app.routers.files_router - Created file id=1 name='notes.txt' folder_id=1
2026-06-17 10:20:56,304 - INFO - app.routers.folders_router - Browsed folder parent_id=1, subfolders=1 files=1
2026-06-17 10:20:56,306 - INFO - app.main - Shutting down File Explorer API
2026-06-17 10:20:56,312 - INFO - app.main - Starting up File Explorer API
2026-06-17 10:20:56,317 - INFO - app.main - Shutting down File Explorer API
2026-06-17 10:20:56,323 - INFO - app.main - Starting up File Explorer API
2026-06-17 10:20:56,324 - INFO - app.main - Health check requested
2026-06-17 10:20:56,325 - INFO - app.main - Shutting down File Explorer API
2026-06-17 10:21:04,637 - INFO - app.main - Shutting down File Explorer API
2026-06-17 10:21:05,210 - INFO - app.main - Starting up File Explorer API
2026-06-17 10:22:07,447 - INFO - app.main - Shutting down File Explorer API
2026-06-17 10:22:08,050 - INFO - app.main - Starting up File Explorer API
2026-06-17 10:22:09,855 - INFO - app.main - Shutting down File Explorer API
2026-06-17 10:22:10,454 - INFO - app.main - Starting up File Explorer API
2026-06-17 10:25:35,412 - INFO - app.main - Shutting down File Explorer API
2026-06-17 10:25:35,970 - INFO - app.main - Starting up File Explorer API
2026-06-17 10:25:38,075 - INFO - app.main - Shutting down File Explorer API
2026-06-17 10:25:38,629 - INFO - app.main - Starting up File Explorer API
2026-06-17 10:25:47,949 - INFO - app.main - Shutting down File Explorer API
2026-06-17 10:25:48,533 - INFO - app.main - Starting up File Explorer API
2026-06-17 10:25:51,339 - INFO - app.main - Shutting down File Explorer API
2026-06-17 10:25:51,934 - INFO - app.main - Starting up File Explorer API
2026-06-17 10:25:58,550 - INFO - app.main - Shutting down File Explorer API
2026-06-17 10:25:59,147 - INFO - app.main - Starting up File Explorer API
2026-06-17 10:26:00,550 - INFO - app.main - Shutting down File Explorer API
2026-06-17 10:26:01,135 - INFO - app.main - Starting up File Explorer API
2026-06-17 10:26:21,277 - INFO - app.main - Shutting down File Explorer API
2026-06-17 10:26:21,842 - INFO - app.main - Starting up File Explorer API
2026-06-17 10:26:23,247 - INFO - app.main - Shutting down File Explorer API
2026-06-17 10:26:23,847 - INFO - app.main - Starting up File Explorer API
2026-06-17 10:26:27,357 - INFO - app.main - Shutting down File Explorer API
2026-06-17 10:26:27,935 - INFO - app.main - Starting up File Explorer API
2026-06-17 10:26:28,737 - INFO - app.main - Shutting down File Explorer API
2026-06-17 10:26:29,343 - INFO - app.main - Starting up File Explorer API
