2026-06-17 10:08:41,251 - INFO - app.main - Starting up File Explorer API
2026-06-17 10:08:42,668 - INFO - app.main - Starting up File Explorer API
2026-06-17 10:08:42,676 - INFO - app.routers.files_router - Listed all files, count=0
2026-06-17 10:08:42,678 - INFO - app.main - Shutting down File Explorer API
2026-06-17 10:08:42,683 - INFO - app.main - Starting up File Explorer API
2026-06-17 10:08:42,708 - INFO - app.routers.files_router - Created file id=1 name='readme.txt' folder_id=None
2026-06-17 10:08:42,710 - INFO - app.main - Shutting down File Explorer API
2026-06-17 10:08:42,715 - INFO - app.main - Starting up File Explorer API
2026-06-17 10:08:42,718 - WARNING - app.routers.files_router - Failed to create file: Folder 999 does not exist
2026-06-17 10:08:42,719 - INFO - app.main - Shutting down File Explorer API
2026-06-17 10:08:42,724 - INFO - app.main - Starting up File Explorer API
2026-06-17 10:08:42,728 - INFO - app.routers.files_router - Created file id=1 name='readme.txt' folder_id=None
2026-06-17 10:08:42,731 - WARNING - app.routers.files_router - Failed to create file: A file named 'readme.txt' already exists in this folder
2026-06-17 10:08:42,732 - INFO - app.main - Shutting down File Explorer API
2026-06-17 10:08:42,736 - INFO - app.main - Starting up File Explorer API
2026-06-17 10:08:42,740 - INFO - app.routers.files_router - Created file id=1 name='readme.txt' folder_id=None
2026-06-17 10:08:42,743 - INFO - app.routers.files_router - Deleted file id=1
2026-06-17 10:08:42,746 - INFO - app.routers.files_router - Listed all files, count=0
2026-06-17 10:08:42,747 - INFO - app.main - Shutting down File Explorer API
2026-06-17 10:08:42,753 - INFO - app.main - Starting up File Explorer API
2026-06-17 10:08:42,756 - WARNING - app.routers.files_router - Failed to delete file id=999: File 999 does not exist
2026-06-17 10:08:42,757 - INFO - app.main - Shutting down File Explorer API
2026-06-17 10:08:42,763 - INFO - app.main - Starting up File Explorer API
2026-06-17 10:08:42,767 - INFO - app.routers.files_router - Created file id=1 name='notes.txt' folder_id=None
2026-06-17 10:08:42,770 - INFO - app.routers.files_router - Created file id=2 name='other.txt' folder_id=None
2026-06-17 10:08:42,774 - INFO - app.main - Shutting down File Explorer API
2026-06-17 10:08:42,779 - INFO - app.main - Starting up File Explorer API
2026-06-17 10:08:42,784 - INFO - app.main - Shutting down File Explorer API
2026-06-17 10:08:42,789 - INFO - app.main - Starting up File Explorer API
2026-06-17 10:08:42,795 - INFO - app.routers.folders_router - Created folder id=1 name='docs' parent_id=None
2026-06-17 10:08:42,798 - INFO - app.routers.files_router - Created file id=1 name='notes.txt' folder_id=None
2026-06-17 10:08:42,802 - INFO - app.routers.files_router - Created file id=2 name='notes.txt' folder_id=1
2026-06-17 10:08:42,806 - INFO - app.main - Shutting down File Explorer API
2026-06-17 10:08:42,812 - INFO - app.main - Starting up File Explorer API
2026-06-17 10:08:42,816 - INFO - app.routers.files_router - Created file id=1 name='readme.txt' folder_id=None
2026-06-17 10:08:42,819 - INFO - app.routers.files_router - Created file id=2 name='report.txt' folder_id=None
2026-06-17 10:08:42,823 - INFO - app.routers.files_router - Created file id=3 name='other.txt' folder_id=None
2026-06-17 10:08:42,827 - INFO - app.main - Shutting down File Explorer API
2026-06-17 10:08:42,833 - INFO - app.main - Starting up File Explorer API
2026-06-17 10:08:42,837 - INFO - app.routers.files_router - Created file id=1 name='file00.txt' folder_id=None
2026-06-17 10:08:42,840 - INFO - app.routers.files_router - Created file id=2 name='file01.txt' folder_id=None
2026-06-17 10:08:42,844 - INFO - app.routers.files_router - Created file id=3 name='file02.txt' folder_id=None
2026-06-17 10:08:42,847 - INFO - app.routers.files_router - Created file id=4 name='file03.txt' folder_id=None
2026-06-17 10:08:42,850 - INFO - app.routers.files_router - Created file id=5 name='file04.txt' folder_id=None
2026-06-17 10:08:42,854 - INFO - app.routers.files_router - Created file id=6 name='file05.txt' folder_id=None
2026-06-17 10:08:42,857 - INFO - app.routers.files_router - Created file id=7 name='file06.txt' folder_id=None
2026-06-17 10:08:42,860 - INFO - app.routers.files_router - Created file id=8 name='file07.txt' folder_id=None
2026-06-17 10:08:42,863 - INFO - app.routers.files_router - Created file id=9 name='file08.txt' folder_id=None
2026-06-17 10:08:42,866 - INFO - app.routers.files_router - Created file id=10 name='file09.txt' folder_id=None
2026-06-17 10:08:42,869 - INFO - app.routers.files_router - Created file id=11 name='file10.txt' folder_id=None
2026-06-17 10:08:42,872 - INFO - app.routers.files_router - Created file id=12 name='file11.txt' folder_id=None
2026-06-17 10:08:42,875 - INFO - app.routers.files_router - Created file id=13 name='file12.txt' folder_id=None
2026-06-17 10:08:42,878 - INFO - app.routers.files_router - Created file id=14 name='file13.txt' folder_id=None
2026-06-17 10:08:42,881 - INFO - app.routers.files_router - Created file id=15 name='file14.txt' folder_id=None
2026-06-17 10:08:42,884 - INFO - app.main - Shutting down File Explorer API
2026-06-17 10:08:42,889 - INFO - app.main - Starting up File Explorer API
2026-06-17 10:08:42,893 - INFO - app.routers.files_router - Created file id=1 name='README.txt' folder_id=None
2026-06-17 10:08:42,897 - INFO - app.main - Shutting down File Explorer API
2026-06-17 10:08:42,902 - INFO - app.main - Starting up File Explorer API
2026-06-17 10:08:42,906 - INFO - app.routers.folders_router - Listed all folders, count=0
2026-06-17 10:08:42,908 - INFO - app.main - Shutting down File Explorer API
2026-06-17 10:08:42,913 - INFO - app.main - Starting up File Explorer API
2026-06-17 10:08:42,917 - INFO - app.routers.folders_router - Created folder id=1 name='docs' parent_id=None
2026-06-17 10:08:42,919 - INFO - app.main - Shutting down File Explorer API
2026-06-17 10:08:42,924 - INFO - app.main - Starting up File Explorer API
2026-06-17 10:08:42,928 - INFO - app.routers.folders_router - Created folder id=1 name='docs' parent_id=None
2026-06-17 10:08:42,931 - INFO - app.routers.folders_router - Created folder id=2 name='images' parent_id=1
2026-06-17 10:08:42,933 - INFO - app.main - Shutting down File Explorer API
2026-06-17 10:08:42,939 - INFO - app.main - Starting up File Explorer API
2026-06-17 10:08:42,941 - WARNING - app.routers.folders_router - Failed to create folder: Folder 999 does not exist
2026-06-17 10:08:42,943 - INFO - app.main - Shutting down File Explorer API
2026-06-17 10:08:42,948 - INFO - app.main - Starting up File Explorer API
2026-06-17 10:08:42,952 - INFO - app.routers.folders_router - Created folder id=1 name='docs' parent_id=None
2026-06-17 10:08:42,955 - WARNING - app.routers.folders_router - Failed to create folder: A folder named 'docs' already exists here
2026-06-17 10:08:42,956 - INFO - app.main - Shutting down File Explorer API
2026-06-17 10:08:42,961 - INFO - app.main - Starting up File Explorer API
2026-06-17 10:08:42,965 - INFO - app.routers.folders_router - Created folder id=1 name='docs' parent_id=None
2026-06-17 10:08:42,970 - INFO - app.routers.folders_router - Deleted folder id=1
2026-06-17 10:08:43,034 - INFO - app.main - Shutting down File Explorer API
2026-06-17 10:08:43,038 - INFO - app.main - Starting up File Explorer API
2026-06-17 10:08:43,041 - WARNING - app.routers.folders_router - Failed to delete folder id=999: Folder 999 does not exist
2026-06-17 10:08:43,042 - INFO - app.main - Shutting down File Explorer API
2026-06-17 10:08:43,047 - INFO - app.main - Starting up File Explorer API
2026-06-17 10:08:43,051 - INFO - app.routers.folders_router - Created folder id=1 name='docs' parent_id=None
2026-06-17 10:08:43,054 - INFO - app.routers.folders_router - Created folder id=2 name='images' parent_id=1
2026-06-17 10:08:43,058 - INFO - app.routers.folders_router - Deleted folder id=1
2026-06-17 10:08:43,060 - INFO - app.routers.folders_router - Listed all folders, count=0
2026-06-17 10:08:43,062 - INFO - app.main - Shutting down File Explorer API
2026-06-17 10:08:43,066 - INFO - app.main - Starting up File Explorer API
2026-06-17 10:08:43,070 - INFO - app.routers.folders_router - Created folder id=1 name='docs' parent_id=None
2026-06-17 10:08:43,073 - INFO - app.routers.files_router - Created file id=1 name='readme.txt' folder_id=1
2026-06-17 10:08:43,077 - INFO - app.routers.folders_router - Deleted folder id=1
2026-06-17 10:08:43,079 - INFO - app.routers.files_router - Listed all files, count=0
2026-06-17 10:08:43,080 - INFO - app.main - Shutting down File Explorer API
2026-06-17 10:08:43,085 - INFO - app.main - Starting up File Explorer API
2026-06-17 10:08:43,089 - INFO - app.routers.folders_router - Created folder id=1 name='docs' parent_id=None
2026-06-17 10:08:43,092 - INFO - app.routers.files_router - Created file id=1 name='readme.txt' folder_id=None
2026-06-17 10:08:43,094 - INFO - app.routers.folders_router - Browsed folder parent_id=None, subfolders=1 files=1
2026-06-17 10:08:43,096 - INFO - app.main - Shutting down File Explorer API
2026-06-17 10:08:43,102 - INFO - app.main - Starting up File Explorer API
2026-06-17 10:08:43,106 - INFO - app.routers.folders_router - Created folder id=1 name='docs' parent_id=None
2026-06-17 10:08:43,109 - INFO - app.routers.folders_router - Created folder id=2 name='images' parent_id=1
2026-06-17 10:08:43,113 - INFO - app.routers.files_router - Created file id=1 name='notes.txt' folder_id=1
2026-06-17 10:08:43,116 - INFO - app.routers.folders_router - Browsed folder parent_id=1, subfolders=1 files=1
2026-06-17 10:08:43,118 - INFO - app.main - Shutting down File Explorer API
2026-06-17 10:08:43,123 - INFO - app.main - Starting up File Explorer API
2026-06-17 10:08:43,127 - INFO - app.main - Shutting down File Explorer API
2026-06-17 10:08:43,132 - INFO - app.main - Starting up File Explorer API
2026-06-17 10:08:43,134 - INFO - app.main - Health check requested
2026-06-17 10:08:43,135 - INFO - app.main - Shutting down File Explorer API
2026-06-17 10:10:26,884 - INFO - app.main - Shutting down File Explorer API
2026-06-17 10:10:27,466 - INFO - app.main - Starting up File Explorer API
2026-06-17 10:10:31,007 - INFO - app.main - Starting up File Explorer API
2026-06-17 10:10:31,015 - INFO - app.routers.files_router - Listed all files, count=0
2026-06-17 10:10:31,017 - INFO - app.main - Shutting down File Explorer API
2026-06-17 10:10:31,023 - INFO - app.main - Starting up File Explorer API
2026-06-17 10:10:31,031 - INFO - app.routers.files_router - Created file id=1 name='readme.txt' folder_id=None
2026-06-17 10:10:31,033 - INFO - app.main - Shutting down File Explorer API
2026-06-17 10:10:31,040 - INFO - app.main - Starting up File Explorer API
2026-06-17 10:10:31,043 - WARNING - app.routers.files_router - Failed to create file: Folder 999 does not exist
2026-06-17 10:10:31,045 - INFO - app.main - Shutting down File Explorer API
2026-06-17 10:10:31,049 - INFO - app.main - Starting up File Explorer API
2026-06-17 10:10:31,053 - INFO - app.routers.files_router - Created file id=1 name='readme.txt' folder_id=None
2026-06-17 10:10:31,056 - WARNING - app.routers.files_router - Failed to create file: A file named 'readme.txt' already exists in this folder
2026-06-17 10:10:31,057 - INFO - app.main - Shutting down File Explorer API
2026-06-17 10:10:31,062 - INFO - app.main - Starting up File Explorer API
2026-06-17 10:10:31,066 - INFO - app.routers.files_router - Created file id=1 name='readme.txt' folder_id=None
2026-06-17 10:10:31,070 - INFO - app.routers.files_router - Deleted file id=1
2026-06-17 10:10:31,139 - INFO - app.main - Shutting down File Explorer API
2026-06-17 10:10:31,144 - INFO - app.main - Starting up File Explorer API
2026-06-17 10:10:31,146 - WARNING - app.routers.files_router - Failed to delete file id=999: File 999 does not exist
2026-06-17 10:10:31,148 - INFO - app.main - Shutting down File Explorer API
2026-06-17 10:10:31,152 - INFO - app.main - Starting up File Explorer API
2026-06-17 10:10:31,156 - INFO - app.routers.files_router - Created file id=1 name='notes.txt' folder_id=None
2026-06-17 10:10:31,159 - INFO - app.routers.files_router - Created file id=2 name='other.txt' folder_id=None
2026-06-17 10:10:31,164 - INFO - app.main - Shutting down File Explorer API
2026-06-17 10:10:31,169 - INFO - app.main - Starting up File Explorer API
2026-06-17 10:10:31,173 - INFO - app.main - Shutting down File Explorer API
2026-06-17 10:10:31,178 - INFO - app.main - Starting up File Explorer API
2026-06-17 10:10:31,183 - INFO - app.routers.folders_router - Created folder id=1 name='docs' parent_id=None
2026-06-17 10:10:31,187 - INFO - app.routers.files_router - Created file id=1 name='notes.txt' folder_id=None
2026-06-17 10:10:31,191 - INFO - app.routers.files_router - Created file id=2 name='notes.txt' folder_id=1
2026-06-17 10:10:31,195 - INFO - app.main - Shutting down File Explorer API
2026-06-17 10:10:31,200 - INFO - app.main - Starting up File Explorer API
2026-06-17 10:10:31,204 - INFO - app.routers.files_router - Created file id=1 name='readme.txt' folder_id=None
2026-06-17 10:10:31,207 - INFO - app.routers.files_router - Created file id=2 name='report.txt' folder_id=None
2026-06-17 10:10:31,211 - INFO - app.routers.files_router - Created file id=3 name='other.txt' folder_id=None
2026-06-17 10:10:31,215 - INFO - app.main - Shutting down File Explorer API
2026-06-17 10:10:31,221 - INFO - app.main - Starting up File Explorer API
2026-06-17 10:10:31,224 - INFO - app.routers.files_router - Created file id=1 name='file00.txt' folder_id=None
2026-06-17 10:10:31,228 - INFO - app.routers.files_router - Created file id=2 name='file01.txt' folder_id=None
2026-06-17 10:10:31,232 - INFO - app.routers.files_router - Created file id=3 name='file02.txt' folder_id=None
2026-06-17 10:10:31,235 - INFO - app.routers.files_router - Created file id=4 name='file03.txt' folder_id=None
2026-06-17 10:10:31,238 - INFO - app.routers.files_router - Created file id=5 name='file04.txt' folder_id=None
2026-06-17 10:10:31,242 - INFO - app.routers.files_router - Created file id=6 name='file05.txt' folder_id=None
2026-06-17 10:10:31,245 - INFO - app.routers.files_router - Created file id=7 name='file06.txt' folder_id=None
2026-06-17 10:10:31,248 - INFO - app.routers.files_router - Created file id=8 name='file07.txt' folder_id=None
2026-06-17 10:10:31,251 - INFO - app.routers.files_router - Created file id=9 name='file08.txt' folder_id=None
2026-06-17 10:10:31,254 - INFO - app.routers.files_router - Created file id=10 name='file09.txt' folder_id=None
2026-06-17 10:10:31,257 - INFO - app.routers.files_router - Created file id=11 name='file10.txt' folder_id=None
2026-06-17 10:10:31,260 - INFO - app.routers.files_router - Created file id=12 name='file11.txt' folder_id=None
2026-06-17 10:10:31,263 - INFO - app.routers.files_router - Created file id=13 name='file12.txt' folder_id=None
2026-06-17 10:10:31,265 - INFO - app.routers.files_router - Created file id=14 name='file13.txt' folder_id=None
2026-06-17 10:10:31,269 - INFO - app.routers.files_router - Created file id=15 name='file14.txt' folder_id=None
2026-06-17 10:10:31,272 - INFO - app.main - Shutting down File Explorer API
2026-06-17 10:10:31,277 - INFO - app.main - Starting up File Explorer API
2026-06-17 10:10:31,281 - INFO - app.routers.files_router - Created file id=1 name='README.txt' folder_id=None
2026-06-17 10:10:31,286 - INFO - app.main - Shutting down File Explorer API
2026-06-17 10:10:31,291 - INFO - app.main - Starting up File Explorer API
2026-06-17 10:10:31,294 - INFO - app.routers.folders_router - Listed all folders, count=0
2026-06-17 10:10:31,296 - INFO - app.main - Shutting down File Explorer API
2026-06-17 10:10:31,301 - INFO - app.main - Starting up File Explorer API
2026-06-17 10:10:31,305 - INFO - app.routers.folders_router - Created folder id=1 name='docs' parent_id=None
2026-06-17 10:10:31,306 - INFO - app.main - Shutting down File Explorer API
2026-06-17 10:10:31,311 - INFO - app.main - Starting up File Explorer API
2026-06-17 10:10:31,316 - INFO - app.routers.folders_router - Created folder id=1 name='docs' parent_id=None
2026-06-17 10:10:31,320 - INFO - app.routers.folders_router - Created folder id=2 name='images' parent_id=1
2026-06-17 10:10:31,322 - INFO - app.main - Shutting down File Explorer API
2026-06-17 10:10:31,326 - INFO - app.main - Starting up File Explorer API
2026-06-17 10:10:31,329 - WARNING - app.routers.folders_router - Failed to create folder: Folder 999 does not exist
2026-06-17 10:10:31,331 - INFO - app.main - Shutting down File Explorer API
2026-06-17 10:10:31,336 - INFO - app.main - Starting up File Explorer API
2026-06-17 10:10:31,339 - INFO - app.routers.folders_router - Created folder id=1 name='docs' parent_id=None
2026-06-17 10:10:31,342 - WARNING - app.routers.folders_router - Failed to create folder: A folder named 'docs' already exists here
2026-06-17 10:10:31,344 - INFO - app.main - Shutting down File Explorer API
2026-06-17 10:10:31,349 - INFO - app.main - Starting up File Explorer API
2026-06-17 10:10:31,353 - INFO - app.routers.folders_router - Created folder id=1 name='docs' parent_id=None
2026-06-17 10:10:31,358 - INFO - app.routers.folders_router - Deleted folder id=1
2026-06-17 10:10:31,360 - INFO - app.routers.folders_router - Listed all folders, count=0
2026-06-17 10:10:31,361 - INFO - app.main - Shutting down File Explorer API
2026-06-17 10:10:31,367 - INFO - app.main - Starting up File Explorer API
2026-06-17 10:10:31,370 - WARNING - app.routers.folders_router - Failed to delete folder id=999: Folder 999 does not exist
2026-06-17 10:10:31,371 - INFO - app.main - Shutting down File Explorer API
2026-06-17 10:10:31,376 - INFO - app.main - Starting up File Explorer API
2026-06-17 10:10:31,380 - INFO - app.routers.folders_router - Created folder id=1 name='docs' parent_id=None
2026-06-17 10:10:31,384 - INFO - app.routers.folders_router - Created folder id=2 name='images' parent_id=1
2026-06-17 10:10:31,387 - INFO - app.routers.folders_router - Deleted folder id=1
2026-06-17 10:10:31,389 - INFO - app.routers.folders_router - Listed all folders, count=0
2026-06-17 10:10:31,391 - INFO - app.main - Shutting down File Explorer API
2026-06-17 10:10:31,396 - INFO - app.main - Starting up File Explorer API
2026-06-17 10:10:31,400 - INFO - app.routers.folders_router - Created folder id=1 name='docs' parent_id=None
2026-06-17 10:10:31,403 - INFO - app.routers.files_router - Created file id=1 name='readme.txt' folder_id=1
2026-06-17 10:10:31,407 - INFO - app.routers.folders_router - Deleted folder id=1
2026-06-17 10:10:31,409 - INFO - app.routers.files_router - Listed all files, count=0
2026-06-17 10:10:31,411 - INFO - app.main - Shutting down File Explorer API
2026-06-17 10:10:31,416 - INFO - app.main - Starting up File Explorer API
2026-06-17 10:10:31,419 - INFO - app.routers.folders_router - Created folder id=1 name='docs' parent_id=None
2026-06-17 10:10:31,422 - INFO - app.routers.files_router - Created file id=1 name='readme.txt' folder_id=None
2026-06-17 10:10:31,426 - INFO - app.routers.folders_router - Browsed folder parent_id=None, subfolders=1 files=1
2026-06-17 10:10:31,428 - INFO - app.main - Shutting down File Explorer API
2026-06-17 10:10:31,432 - INFO - app.main - Starting up File Explorer API
2026-06-17 10:10:31,436 - INFO - app.routers.folders_router - Created folder id=1 name='docs' parent_id=None
2026-06-17 10:10:31,440 - INFO - app.routers.folders_router - Created folder id=2 name='images' parent_id=1
2026-06-17 10:10:31,443 - INFO - app.routers.files_router - Created file id=1 name='notes.txt' folder_id=1
2026-06-17 10:10:31,446 - INFO - app.routers.folders_router - Browsed folder parent_id=1, subfolders=1 files=1
2026-06-17 10:10:31,448 - INFO - app.main - Shutting down File Explorer API
2026-06-17 10:10:31,452 - INFO - app.main - Starting up File Explorer API
2026-06-17 10:10:31,455 - INFO - app.main - Shutting down File Explorer API
2026-06-17 10:10:31,460 - INFO - app.main - Starting up File Explorer API
2026-06-17 10:10:31,461 - INFO - app.main - Health check requested
2026-06-17 10:10:31,463 - INFO - app.main - Shutting down File Explorer API
2026-06-17 10:11:10,361 - INFO - app.main - Shutting down File Explorer API
2026-06-17 10:11:10,946 - INFO - app.main - Starting up File Explorer API
2026-06-17 10:11:12,895 - INFO - app.main - Starting up File Explorer API
2026-06-17 10:11:12,903 - INFO - app.routers.files_router - Listed all files, count=0
2026-06-17 10:11:12,906 - INFO - app.main - Shutting down File Explorer API
2026-06-17 10:11:12,912 - INFO - app.main - Starting up File Explorer API
2026-06-17 10:11:12,937 - INFO - app.routers.files_router - Created file id=1 name='readme.txt' folder_id=None
2026-06-17 10:11:12,939 - INFO - app.main - Shutting down File Explorer API
2026-06-17 10:11:12,944 - INFO - app.main - Starting up File Explorer API
2026-06-17 10:11:12,947 - WARNING - app.routers.files_router - Failed to create file: Folder 999 does not exist
2026-06-17 10:11:12,948 - INFO - app.main - Shutting down File Explorer API
2026-06-17 10:11:12,953 - INFO - app.main - Starting up File Explorer API
2026-06-17 10:11:12,958 - INFO - app.routers.files_router - Created file id=1 name='readme.txt' folder_id=None
2026-06-17 10:11:12,961 - WARNING - app.routers.files_router - Failed to create file: A file named 'readme.txt' already exists in this folder
2026-06-17 10:11:12,963 - INFO - app.main - Shutting down File Explorer API
2026-06-17 10:11:12,968 - INFO - app.main - Starting up File Explorer API
2026-06-17 10:11:12,972 - INFO - app.routers.files_router - Created file id=1 name='readme.txt' folder_id=None
2026-06-17 10:11:12,976 - INFO - app.routers.files_router - Deleted file id=1
2026-06-17 10:11:12,979 - INFO - app.routers.files_router - Listed all files, count=0
2026-06-17 10:11:12,981 - INFO - app.main - Shutting down File Explorer API
2026-06-17 10:11:12,986 - INFO - app.main - Starting up File Explorer API
2026-06-17 10:11:12,990 - WARNING - app.routers.files_router - Failed to delete file id=999: File 999 does not exist
2026-06-17 10:11:12,992 - INFO - app.main - Shutting down File Explorer API
2026-06-17 10:11:12,998 - INFO - app.main - Starting up File Explorer API
2026-06-17 10:11:13,002 - INFO - app.routers.files_router - Created file id=1 name='notes.txt' folder_id=None
2026-06-17 10:11:13,006 - INFO - app.routers.files_router - Created file id=2 name='other.txt' folder_id=None
2026-06-17 10:11:13,011 - INFO - app.main - Shutting down File Explorer API
2026-06-17 10:11:13,016 - INFO - app.main - Starting up File Explorer API
2026-06-17 10:11:13,020 - INFO - app.main - Shutting down File Explorer API
2026-06-17 10:11:13,024 - INFO - app.main - Starting up File Explorer API
2026-06-17 10:11:13,029 - INFO - app.routers.folders_router - Created folder id=1 name='docs' parent_id=None
2026-06-17 10:11:13,033 - INFO - app.routers.files_router - Created file id=1 name='notes.txt' folder_id=None
2026-06-17 10:11:13,037 - INFO - app.routers.files_router - Created file id=2 name='notes.txt' folder_id=1
2026-06-17 10:11:13,041 - INFO - app.main - Shutting down File Explorer API
2026-06-17 10:11:13,046 - INFO - app.main - Starting up File Explorer API
2026-06-17 10:11:13,050 - INFO - app.routers.files_router - Created file id=1 name='readme.txt' folder_id=None
2026-06-17 10:11:13,053 - INFO - app.routers.files_router - Created file id=2 name='report.txt' folder_id=None
2026-06-17 10:11:13,057 - INFO - app.routers.files_router - Created file id=3 name='other.txt' folder_id=None
2026-06-17 10:11:13,061 - INFO - app.main - Shutting down File Explorer API
2026-06-17 10:11:13,067 - INFO - app.main - Starting up File Explorer API
2026-06-17 10:11:13,071 - INFO - app.routers.files_router - Created file id=1 name='file00.txt' folder_id=None
2026-06-17 10:11:13,075 - INFO - app.routers.files_router - Created file id=2 name='file01.txt' folder_id=None
2026-06-17 10:11:13,078 - INFO - app.routers.files_router - Created file id=3 name='file02.txt' folder_id=None
2026-06-17 10:11:13,083 - INFO - app.routers.files_router - Created file id=4 name='file03.txt' folder_id=None
2026-06-17 10:11:13,086 - INFO - app.routers.files_router - Created file id=5 name='file04.txt' folder_id=None
2026-06-17 10:11:13,091 - INFO - app.routers.files_router - Created file id=6 name='file05.txt' folder_id=None
2026-06-17 10:11:13,095 - INFO - app.routers.files_router - Created file id=7 name='file06.txt' folder_id=None
2026-06-17 10:11:13,099 - INFO - app.routers.files_router - Created file id=8 name='file07.txt' folder_id=None
2026-06-17 10:11:13,103 - INFO - app.routers.files_router - Created file id=9 name='file08.txt' folder_id=None
2026-06-17 10:11:13,107 - INFO - app.routers.files_router - Created file id=10 name='file09.txt' folder_id=None
2026-06-17 10:11:13,111 - INFO - app.routers.files_router - Created file id=11 name='file10.txt' folder_id=None
2026-06-17 10:11:13,115 - INFO - app.routers.files_router - Created file id=12 name='file11.txt' folder_id=None
2026-06-17 10:11:13,118 - INFO - app.routers.files_router - Created file id=13 name='file12.txt' folder_id=None
2026-06-17 10:11:13,122 - INFO - app.routers.files_router - Created file id=14 name='file13.txt' folder_id=None
2026-06-17 10:11:13,125 - INFO - app.routers.files_router - Created file id=15 name='file14.txt' folder_id=None
2026-06-17 10:11:13,129 - INFO - app.main - Shutting down File Explorer API
2026-06-17 10:11:13,134 - INFO - app.main - Starting up File Explorer API
2026-06-17 10:11:13,137 - INFO - app.routers.files_router - Created file id=1 name='README.txt' folder_id=None
2026-06-17 10:11:13,141 - INFO - app.main - Shutting down File Explorer API
2026-06-17 10:11:13,146 - INFO - app.main - Starting up File Explorer API
2026-06-17 10:11:13,149 - INFO - app.routers.folders_router - Listed all folders, count=0
2026-06-17 10:11:13,151 - INFO - app.main - Shutting down File Explorer API
2026-06-17 10:11:13,155 - INFO - app.main - Starting up File Explorer API
2026-06-17 10:11:13,159 - INFO - app.routers.folders_router - Created folder id=1 name='docs' parent_id=None
2026-06-17 10:11:13,160 - INFO - app.main - Shutting down File Explorer API
2026-06-17 10:11:13,164 - INFO - app.main - Starting up File Explorer API
2026-06-17 10:11:13,168 - INFO - app.routers.folders_router - Created folder id=1 name='docs' parent_id=None
2026-06-17 10:11:13,172 - INFO - app.routers.folders_router - Created folder id=2 name='images' parent_id=1
2026-06-17 10:11:13,174 - INFO - app.main - Shutting down File Explorer API
2026-06-17 10:11:13,178 - INFO - app.main - Starting up File Explorer API
2026-06-17 10:11:13,181 - WARNING - app.routers.folders_router - Failed to create folder: Folder 999 does not exist
2026-06-17 10:11:13,182 - INFO - app.main - Shutting down File Explorer API
2026-06-17 10:11:13,187 - INFO - app.main - Starting up File Explorer API
2026-06-17 10:11:13,190 - INFO - app.routers.folders_router - Created folder id=1 name='docs' parent_id=None
2026-06-17 10:11:13,192 - WARNING - app.routers.folders_router - Failed to create folder: A folder named 'docs' already exists here
2026-06-17 10:11:13,194 - INFO - app.main - Shutting down File Explorer API
2026-06-17 10:11:13,198 - INFO - app.main - Starting up File Explorer API
2026-06-17 10:11:13,201 - INFO - app.routers.folders_router - Created folder id=1 name='docs' parent_id=None
2026-06-17 10:11:13,205 - INFO - app.routers.folders_router - Deleted folder id=1
2026-06-17 10:11:13,207 - INFO - app.routers.folders_router - Listed all folders, count=0
2026-06-17 10:11:13,208 - INFO - app.main - Shutting down File Explorer API
2026-06-17 10:11:13,213 - INFO - app.main - Starting up File Explorer API
2026-06-17 10:11:13,215 - WARNING - app.routers.folders_router - Failed to delete folder id=999: Folder 999 does not exist
2026-06-17 10:11:13,217 - INFO - app.main - Shutting down File Explorer API
2026-06-17 10:11:13,221 - INFO - app.main - Starting up File Explorer API
2026-06-17 10:11:13,224 - INFO - app.routers.folders_router - Created folder id=1 name='docs' parent_id=None
2026-06-17 10:11:13,227 - INFO - app.routers.folders_router - Created folder id=2 name='images' parent_id=1
2026-06-17 10:11:13,231 - INFO - app.routers.folders_router - Deleted folder id=1
2026-06-17 10:11:13,232 - INFO - app.routers.folders_router - Listed all folders, count=0
2026-06-17 10:11:13,234 - INFO - app.main - Shutting down File Explorer API
2026-06-17 10:11:13,239 - INFO - app.main - Starting up File Explorer API
2026-06-17 10:11:13,242 - INFO - app.routers.folders_router - Created folder id=1 name='docs' parent_id=None
2026-06-17 10:11:13,245 - INFO - app.routers.files_router - Created file id=1 name='readme.txt' folder_id=1
2026-06-17 10:11:13,249 - INFO - app.routers.folders_router - Deleted folder id=1
2026-06-17 10:11:13,251 - INFO - app.routers.files_router - Listed all files, count=0
2026-06-17 10:11:13,252 - INFO - app.main - Shutting down File Explorer API
2026-06-17 10:11:13,257 - INFO - app.main - Starting up File Explorer API
2026-06-17 10:11:13,260 - INFO - app.routers.folders_router - Created folder id=1 name='docs' parent_id=None
2026-06-17 10:11:13,264 - INFO - app.routers.files_router - Created file id=1 name='readme.txt' folder_id=None
2026-06-17 10:11:13,268 - INFO - app.routers.folders_router - Browsed folder parent_id=None, subfolders=1 files=1
2026-06-17 10:11:13,269 - INFO - app.main - Shutting down File Explorer API
2026-06-17 10:11:13,274 - INFO - app.main - Starting up File Explorer API
2026-06-17 10:11:13,277 - INFO - app.routers.folders_router - Created folder id=1 name='docs' parent_id=None
2026-06-17 10:11:13,280 - INFO - app.routers.folders_router - Created folder id=2 name='images' parent_id=1
2026-06-17 10:11:13,283 - INFO - app.routers.files_router - Created file id=1 name='notes.txt' folder_id=1
2026-06-17 10:11:13,286 - INFO - app.routers.folders_router - Browsed folder parent_id=1, subfolders=1 files=1
2026-06-17 10:11:13,287 - INFO - app.main - Shutting down File Explorer API
2026-06-17 10:11:13,293 - INFO - app.main - Starting up File Explorer API
2026-06-17 10:11:13,296 - INFO - app.main - Shutting down File Explorer API
2026-06-17 10:11:13,301 - INFO - app.main - Starting up File Explorer API
2026-06-17 10:11:13,302 - INFO - app.main - Health check requested
2026-06-17 10:11:13,304 - INFO - app.main - Shutting down File Explorer API
2026-06-17 10:14:50,137 - INFO - app.main - Shutting down File Explorer API
2026-06-17 10:14:50,715 - INFO - app.main - Starting up File Explorer API
2026-06-17 10:14:54,525 - INFO - app.main - Shutting down File Explorer API
2026-06-17 10:14:55,090 - INFO - app.main - Starting up File Explorer API
2026-06-17 10:15:00,702 - INFO - app.main - Shutting down File Explorer API
